37 records converted in file codu_17451_F_2014-08-01_T_Present_2014-12-14.xml...
0 ID fields missing from this file.
2 Type fields missing from this file.
0 Subject fields missing from this file.
0 Format fields missing from this file.
0 Thumbnail links missing from this file
File codu_17451_F_2014-08-01_T_Present_2014-12-14_SOLR.xml completed.

7 records converted in file codu_22_F_2014-08-01_T_Present_2014-12-14.xml...
0 ID fields missing from this file.
0 Type fields missing from this file.
0 Subject fields missing from this file.
0 Format fields missing from this file.
0 Thumbnail links missing from this file
File codu_22_F_2014-08-01_T_Present_2014-12-14_SOLR.xml completed.

2 records converted in file codu_32551_F_2014-08-01_T_Present_2014-12-14.xml...
0 ID fields missing from this file.
0 Type fields missing from this file.
0 Subject fields missing from this file.
0 Format fields missing from this file.
0 Thumbnail links missing from this file
File codu_32551_F_2014-08-01_T_Present_2014-12-14_SOLR.xml completed.

1 records converted in file codu_32561_F_2014-08-01_T_Present_2014-12-14.xml...
0 ID fields missing from this file.
0 Type fields missing from this file.
0 Subject fields missing from this file.
0 Format fields missing from this file.
0 Thumbnail links missing from this file
File codu_32561_F_2014-08-01_T_Present_2014-12-14_SOLR.xml completed.

1 records converted in file codu_32562_F_2014-08-01_T_Present_2014-12-14.xml...
0 ID fields missing from this file.
0 Type fields missing from this file.
0 Subject fields missing from this file.
0 Format fields missing from this file.
0 Thumbnail links missing from this file
File codu_32562_F_2014-08-01_T_Present_2014-12-14_SOLR.xml completed.

1 records converted in file codu_37137_F_2014-08-01_T_Present_2014-12-14.xml...
0 ID fields missing from this file.
0 Type fields missing from this file.
0 Subject fields missing from this file.
0 Format fields missing from this file.
1 Thumbnail links missing from this file
File codu_37137_F_2014-08-01_T_Present_2014-12-14_SOLR.xml completed.

7 records converted in file codu_55701_F_2014-08-01_T_Present_2014-12-14.xml...
0 ID fields missing from this file.
1 Type fields missing from this file.
0 Subject fields missing from this file.
0 Format fields missing from this file.
0 Thumbnail links missing from this file
File codu_55701_F_2014-08-01_T_Present_2014-12-14_SOLR.xml completed.

28 records converted in file codu_58134_F_2014-08-01_T_Present_2014-12-14.xml...
0 ID fields missing from this file.
2 Type fields missing from this file.
0 Subject fields missing from this file.
0 Format fields missing from this file.
0 Thumbnail links missing from this file
File codu_58134_F_2014-08-01_T_Present_2014-12-14_SOLR.xml completed.

4 records converted in file codu_59132_F_2014-08-01_T_Present_2014-12-14.xml...
0 ID fields missing from this file.
0 Type fields missing from this file.
0 Subject fields missing from this file.
0 Format fields missing from this file.
0 Thumbnail links missing from this file
File codu_59132_F_2014-08-01_T_Present_2014-12-14_SOLR.xml completed.

1 records converted in file codu_60019_F_2014-08-01_T_Present_2014-12-14.xml...
0 ID fields missing from this file.
0 Type fields missing from this file.
0 Subject fields missing from this file.
0 Format fields missing from this file.
1 Thumbnail links missing from this file
File codu_60019_F_2014-08-01_T_Present_2014-12-14_SOLR.xml completed.

116 records converted in file codu_62276_F_2014-12-11T13-49-20Z_T_2014-12-11T16-49-51Z.xml...
0 ID fields missing from this file.
0 Type fields missing from this file.
4 Subject fields missing from this file.
0 Format fields missing from this file.
2 Thumbnail links missing from this file
File codu_62276_F_2014-12-11T13-49-20Z_T_2014-12-11T16-49-51Z_SOLR.xml completed.

92 records converted in file codu_62276_F_2014-12-11T16-49-51Z_T_2014-12-11T19-50-21Z.xml...
0 ID fields missing from this file.
0 Type fields missing from this file.
2 Subject fields missing from this file.
0 Format fields missing from this file.
7 Thumbnail links missing from this file
File codu_62276_F_2014-12-11T16-49-51Z_T_2014-12-11T19-50-21Z_SOLR.xml completed.

5 records converted in file codu_62276_F_2014-12-11T19-50-21Z_T_2014-12-12T07-51-22Z.xml...
0 ID fields missing from this file.
0 Type fields missing from this file.
0 Subject fields missing from this file.
0 Format fields missing from this file.
5 Thumbnail links missing from this file
File codu_62276_F_2014-12-11T19-50-21Z_T_2014-12-12T07-51-22Z_SOLR.xml completed.

11 records converted in file codu_62282_F_2014-08-01_T_Present_2014-12-14.xml...
0 ID fields missing from this file.
0 Type fields missing from this file.
0 Subject fields missing from this file.
0 Format fields missing from this file.
0 Thumbnail links missing from this file
File codu_62282_F_2014-08-01_T_Present_2014-12-14_SOLR.xml completed.

1 records converted in file codu_62286_F_2014-08-01_T_Present_2014-12-14.xml...
0 ID fields missing from this file.
0 Type fields missing from this file.
0 Subject fields missing from this file.
0 Format fields missing from this file.
0 Thumbnail links missing from this file
File codu_62286_F_2014-08-01_T_Present_2014-12-14_SOLR.xml completed.

53 records converted in file codu_62287_F_2014-08-01_T_Present_2014-12-14.xml...
0 ID fields missing from this file.
0 Type fields missing from this file.
6 Subject fields missing from this file.
0 Format fields missing from this file.
2 Thumbnail links missing from this file
File codu_62287_F_2014-08-01_T_Present_2014-12-14_SOLR.xml completed.

199 records converted in file codu_62794_F_2014-12-09T05-50-41Z_T_2014-12-10T05-54-45Z.xml...
0 ID fields missing from this file.
0 Type fields missing from this file.
2 Subject fields missing from this file.
0 Format fields missing from this file.
10 Thumbnail links missing from this file
File codu_62794_F_2014-12-09T05-50-41Z_T_2014-12-10T05-54-45Z_SOLR.xml completed.

1 records converted in file codu_62794_F_2014-12-10T05-54-45Z_T_2014-12-11T06-58-48Z.xml...
0 ID fields missing from this file.
0 Type fields missing from this file.
0 Subject fields missing from this file.
0 Format fields missing from this file.
0 Thumbnail links missing from this file
File codu_62794_F_2014-12-10T05-54-45Z_T_2014-12-11T06-58-48Z_SOLR.xml completed.

9 records converted in file codu_62794_F_2014-12-11T06-58-48Z_T_Present_2014-12-14.xml...
0 ID fields missing from this file.
0 Type fields missing from this file.
0 Subject fields missing from this file.
0 Format fields missing from this file.
9 Thumbnail links missing from this file
File codu_62794_F_2014-12-11T06-58-48Z_T_Present_2014-12-14_SOLR.xml completed.

18 records converted in file codu_62795_F_2014-08-01_T_Present_2014-12-14.xml...
0 ID fields missing from this file.
0 Type fields missing from this file.
0 Subject fields missing from this file.
0 Format fields missing from this file.
0 Thumbnail links missing from this file
File codu_62795_F_2014-08-01_T_Present_2014-12-14_SOLR.xml completed.

1 records converted in file codu_62797_F_2014-08-01_T_Present_2014-12-14.xml...
0 ID fields missing from this file.
0 Type fields missing from this file.
0 Subject fields missing from this file.
0 Format fields missing from this file.
0 Thumbnail links missing from this file
File codu_62797_F_2014-08-01_T_Present_2014-12-14_SOLR.xml completed.

1 records converted in file codu_62798_F_2014-08-01_T_Present_2014-12-14.xml...
0 ID fields missing from this file.
0 Type fields missing from this file.
0 Subject fields missing from this file.
0 Format fields missing from this file.
0 Thumbnail links missing from this file
File codu_62798_F_2014-08-01_T_Present_2014-12-14_SOLR.xml completed.

48 records converted in file codu_62799_F_2014-08-01_T_Present_2014-12-14.xml...
0 ID fields missing from this file.
0 Type fields missing from this file.
2 Subject fields missing from this file.
0 Format fields missing from this file.
9 Thumbnail links missing from this file
File codu_62799_F_2014-08-01_T_Present_2014-12-14_SOLR.xml completed.

1 records converted in file codu_63584_F_2014-08-01_T_Present_2014-12-14.xml...
0 ID fields missing from this file.
0 Type fields missing from this file.
0 Subject fields missing from this file.
0 Format fields missing from this file.
0 Thumbnail links missing from this file
File codu_63584_F_2014-08-01_T_Present_2014-12-14_SOLR.xml completed.

1 records converted in file codu_64112_F_2014-08-01_T_Present_2014-12-14.xml...
0 ID fields missing from this file.
0 Type fields missing from this file.
0 Subject fields missing from this file.
0 Format fields missing from this file.
0 Thumbnail links missing from this file
File codu_64112_F_2014-08-01_T_Present_2014-12-14_SOLR.xml completed.

24 records converted in file codu_65308_F_2014-08-01_T_Present_2014-12-14.xml...
0 ID fields missing from this file.
0 Type fields missing from this file.
0 Subject fields missing from this file.
0 Format fields missing from this file.
1 Thumbnail links missing from this file
File codu_65308_F_2014-08-01_T_Present_2014-12-14_SOLR.xml completed.

69 records converted in file codu_65309_F_2014-08-01_T_Present_2014-12-14.xml...
0 ID fields missing from this file.
0 Type fields missing from this file.
0 Subject fields missing from this file.
0 Format fields missing from this file.
0 Thumbnail links missing from this file
File codu_65309_F_2014-08-01_T_Present_2014-12-14_SOLR.xml completed.

99 records converted in file codu_66575_F_2014-08-01_T_Present_2014-12-14.xml...
0 ID fields missing from this file.
0 Type fields missing from this file.
0 Subject fields missing from this file.
0 Format fields missing from this file.
0 Thumbnail links missing from this file
File codu_66575_F_2014-08-01_T_Present_2014-12-14_SOLR.xml completed.

66 records converted in file codu_66576_F_2014-08-01_T_Present_2014-12-14.xml...
0 ID fields missing from this file.
0 Type fields missing from this file.
0 Subject fields missing from this file.
0 Format fields missing from this file.
0 Thumbnail links missing from this file
File codu_66576_F_2014-08-01_T_Present_2014-12-14_SOLR.xml completed.

3 records converted in file codu_66782_F_2014-08-01_T_Present_2014-12-14.xml...
0 ID fields missing from this file.
0 Type fields missing from this file.
0 Subject fields missing from this file.
0 Format fields missing from this file.
0 Thumbnail links missing from this file
File codu_66782_F_2014-08-01_T_Present_2014-12-14_SOLR.xml completed.

4 records converted in file codu_66958_F_2014-08-01_T_Present_2014-12-14.xml...
0 ID fields missing from this file.
0 Type fields missing from this file.
0 Subject fields missing from this file.
0 Format fields missing from this file.
0 Thumbnail links missing from this file
File codu_66958_F_2014-08-01_T_Present_2014-12-14_SOLR.xml completed.

4 records converted in file codu_67824_F_2014-08-01_T_Present_2014-12-14.xml...
0 ID fields missing from this file.
0 Type fields missing from this file.
0 Subject fields missing from this file.
0 Format fields missing from this file.
0 Thumbnail links missing from this file
File codu_67824_F_2014-08-01_T_Present_2014-12-14_SOLR.xml completed.

1 records converted in file codu_67834_F_2014-08-01_T_Present_2014-12-14.xml...
0 ID fields missing from this file.
0 Type fields missing from this file.
0 Subject fields missing from this file.
0 Format fields missing from this file.
0 Thumbnail links missing from this file
File codu_67834_F_2014-08-01_T_Present_2014-12-14_SOLR.xml completed.

2 records converted in file codu_68050_F_2014-08-01_T_Present_2014-12-14.xml...
0 ID fields missing from this file.
0 Type fields missing from this file.
0 Subject fields missing from this file.
0 Format fields missing from this file.
0 Thumbnail links missing from this file
File codu_68050_F_2014-08-01_T_Present_2014-12-14_SOLR.xml completed.

18 records converted in file codu_68107_F_2014-08-01_T_Present_2014-12-14.xml...
0 ID fields missing from this file.
0 Type fields missing from this file.
0 Subject fields missing from this file.
0 Format fields missing from this file.
9 Thumbnail links missing from this file
File codu_68107_F_2014-08-01_T_Present_2014-12-14_SOLR.xml completed.

13 records converted in file codu_68108_F_2014-08-01_T_Present_2014-12-14.xml...
0 ID fields missing from this file.
0 Type fields missing from this file.
0 Subject fields missing from this file.
0 Format fields missing from this file.
12 Thumbnail links missing from this file
File codu_68108_F_2014-08-01_T_Present_2014-12-14_SOLR.xml completed.

6 records converted in file codu_68139_F_2014-08-01_T_Present_2014-12-14.xml...
0 ID fields missing from this file.
0 Type fields missing from this file.
0 Subject fields missing from this file.
0 Format fields missing from this file.
0 Thumbnail links missing from this file
File codu_68139_F_2014-08-01_T_Present_2014-12-14_SOLR.xml completed.

1 records converted in file codu_68140_F_2014-08-01_T_Present_2014-12-14.xml...
0 ID fields missing from this file.
1 Type fields missing from this file.
0 Subject fields missing from this file.
0 Format fields missing from this file.
0 Thumbnail links missing from this file
File codu_68140_F_2014-08-01_T_Present_2014-12-14_SOLR.xml completed.

33 records converted in file codu_top_F_2014-10-08T05-17-29Z_T_2014-11-11T07-25-53Z.xml...
0 ID fields missing from this file.
2 Type fields missing from this file.
0 Subject fields missing from this file.
0 Format fields missing from this file.
0 Thumbnail links missing from this file
File codu_top_F_2014-10-08T05-17-29Z_T_2014-11-11T07-25-53Z_SOLR.xml completed.

8 records converted in file codu_top_F_2014-11-13T08-30-17Z_T_2014-11-28T21-32-40Z.xml...
0 ID fields missing from this file.
0 Type fields missing from this file.
0 Subject fields missing from this file.
0 Format fields missing from this file.
0 Thumbnail links missing from this file
File codu_top_F_2014-11-13T08-30-17Z_T_2014-11-28T21-32-40Z_SOLR.xml completed.

199 records converted in file codu_top_F_2014-12-09T05-43-12Z_T_2014-12-10T05-47-16Z.xml...
0 ID fields missing from this file.
0 Type fields missing from this file.
2 Subject fields missing from this file.
0 Format fields missing from this file.
10 Thumbnail links missing from this file
File codu_top_F_2014-12-09T05-43-12Z_T_2014-12-10T05-47-16Z_SOLR.xml completed.

1 records converted in file codu_top_F_2014-12-10T05-47-16Z_T_2014-12-11T06-51-19Z.xml...
0 ID fields missing from this file.
0 Type fields missing from this file.
0 Subject fields missing from this file.
0 Format fields missing from this file.
0 Thumbnail links missing from this file
File codu_top_F_2014-12-10T05-47-16Z_T_2014-12-11T06-51-19Z_SOLR.xml completed.

143 records converted in file codu_top_F_2014-12-11T15-56-25Z_T_2014-12-11T16-56-41Z.xml...
0 ID fields missing from this file.
0 Type fields missing from this file.
6 Subject fields missing from this file.
0 Format fields missing from this file.
2 Thumbnail links missing from this file
File codu_top_F_2014-12-11T15-56-25Z_T_2014-12-11T16-56-41Z_SOLR.xml completed.

67 records converted in file codu_top_F_2014-12-11T16-56-41Z_T_2014-12-11T17-56-56Z.xml...
0 ID fields missing from this file.
0 Type fields missing from this file.
0 Subject fields missing from this file.
0 Format fields missing from this file.
9 Thumbnail links missing from this file
File codu_top_F_2014-12-11T16-56-41Z_T_2014-12-11T17-56-56Z_SOLR.xml completed.

4 records converted in file codu_top_F_2014-12-11T17-56-56Z_T_2014-12-11T18-57-26Z.xml...
0 ID fields missing from this file.
0 Type fields missing from this file.
0 Subject fields missing from this file.
0 Format fields missing from this file.
4 Thumbnail links missing from this file
File codu_top_F_2014-12-11T17-56-56Z_T_2014-12-11T18-57-26Z_SOLR.xml completed.

9 records converted in file codu_top_F_2014-12-11T18-57-26Z_T_2014-12-12T07-03-32Z.xml...
0 ID fields missing from this file.
1 Type fields missing from this file.
0 Subject fields missing from this file.
0 Format fields missing from this file.
8 Thumbnail links missing from this file
File codu_top_F_2014-12-11T18-57-26Z_T_2014-12-12T07-03-32Z_SOLR.xml completed.

46 documents parsed,
1420 total records converted.

